mode: set
WB2/develop/dev11/internal/database/cashe_event_rep.go:16.40,22.2 1 1
WB2/develop/dev11/internal/database/cashe_event_rep.go:24.58,27.41 3 1
WB2/develop/dev11/internal/database/cashe_event_rep.go:27.41,29.3 1 1
WB2/develop/dev11/internal/database/cashe_event_rep.go:30.2,32.47 3 1
WB2/develop/dev11/internal/database/cashe_event_rep.go:35.81,37.9 2 1
WB2/develop/dev11/internal/database/cashe_event_rep.go:37.9,39.3 1 1
WB2/develop/dev11/internal/database/cashe_event_rep.go:40.2,40.15 1 1
WB2/develop/dev11/internal/database/cashe_event_rep.go:43.84,47.59 3 1
WB2/develop/dev11/internal/database/cashe_event_rep.go:47.59,49.3 1 0
WB2/develop/dev11/internal/database/cashe_event_rep.go:50.2,51.12 2 1
WB2/develop/dev11/internal/database/cashe_event_rep.go:54.64,57.59 3 1
WB2/develop/dev11/internal/database/cashe_event_rep.go:57.59,59.3 1 0
WB2/develop/dev11/internal/database/cashe_event_rep.go:60.2,61.12 2 1
WB2/develop/dev11/internal/database/cashe_event_rep.go:64.84,70.36 4 1
WB2/develop/dev11/internal/database/cashe_event_rep.go:70.36,71.99 1 1
WB2/develop/dev11/internal/database/cashe_event_rep.go:71.99,73.4 1 1
WB2/develop/dev11/internal/database/cashe_event_rep.go:75.2,75.21 1 1
WB2/develop/dev11/internal/database/cashe_event_rep.go:78.85,85.18 5 1
WB2/develop/dev11/internal/database/cashe_event_rep.go:85.18,87.3 1 0
WB2/develop/dev11/internal/database/cashe_event_rep.go:90.2,93.36 3 1
WB2/develop/dev11/internal/database/cashe_event_rep.go:93.36,94.60 1 1
WB2/develop/dev11/internal/database/cashe_event_rep.go:94.60,96.4 1 1
WB2/develop/dev11/internal/database/cashe_event_rep.go:99.2,99.22 1 1
WB2/develop/dev11/internal/database/cashe_event_rep.go:102.86,108.36 4 1
WB2/develop/dev11/internal/database/cashe_event_rep.go:108.36,109.69 1 1
WB2/develop/dev11/internal/database/cashe_event_rep.go:109.69,111.4 1 1
WB2/develop/dev11/internal/database/cashe_event_rep.go:114.2,114.23 1 1
